{
  "0 debug pnpm:scope": {
    "selected": 1
  },
  "1 warn pnpm": {
    "message": "Unsupported engine: wanted: {\"node\":\">=18.0.0\"} (current: {\"node\":\"v16.14.2\",\"pnpm\":\"7.1.9\"})",
    "prefix": "E:\\Word\\egg-serves"
  },
  "2 error pnpm": {
    "errno": 1,
    "code": "ELIFECYCLE",
    "pkgid": "egg-servies@1.0.0",
    "stage": "dev",
    "script": "egg-bin dev",
    "pkgname": "egg-servies",
    "err": {
      "name": "pnpm",
      "message": "egg-servies@1.0.0 dev: `egg-bin dev`\nExit status 1",
      "code": "ELIFECYCLE",
      "stack": "pnpm: egg-servies@1.0.0 dev: `egg-bin dev`\nExit status 1\n    at EventEmitter.<anonymous> (D:\\nvm\\v16.14.2\\node_modules\\pnpm\\dist\\pnpm.cjs:106976:20)\n    at EventEmitter.emit (node:events:526:28)\n    at ChildProcess.<anonymous> (D:\\nvm\\v16.14.2\\node_modules\\pnpm\\dist\\pnpm.cjs:93542:18)\n    at ChildProcess.emit (node:events:526:28)\n    at maybeClose (node:internal/child_process:1092:16)\n    at Process.ChildProcess._handle.onexit (node:internal/child_process:302:5)"
    }
  },
  "3 warn pnpm:global": " Local package.json exists, but node_modules missing, did you mean to install?"
}